\BOOKMARK [1][-]{section.1}{Introduction}{}% 1
\BOOKMARK [1][-]{section.2}{The Current Climate of Statistics and Computing in the Environmental Sciences}{}% 2
\BOOKMARK [2][-]{subsection.2.1}{Computing in the Environmental Sciences Curriculum}{section.2}% 3
\BOOKMARK [2][-]{subsection.2.2}{Computing in the Statistics Curriculum}{section.2}% 4
\BOOKMARK [2][-]{subsection.2.3}{Extracurricular Workshops to Bridge the Gap}{section.2}% 5
\BOOKMARK [1][-]{section.3}{Design-Based Implementation Research}{}% 6
\BOOKMARK [1][-]{section.4}{Computing Skills Necessary for Environmental Science Research}{}% 7
\BOOKMARK [2][-]{subsection.4.1}{Participants}{section.4}% 8
\BOOKMARK [2][-]{subsection.4.2}{Data Collection}{section.4}% 9
\BOOKMARK [2][-]{subsection.4.3}{Data Analysis}{section.4}% 10
\BOOKMARK [2][-]{subsection.4.4}{Skills Identified by Environmental Science Faculty}{section.4}% 11
\BOOKMARK [3][-]{subsubsection.4.4.1}{Working with Data}{subsection.4.4}% 12
\BOOKMARK [3][-]{subsubsection.4.4.2}{Data Visualization}{subsection.4.4}% 13
\BOOKMARK [3][-]{subsubsection.4.4.3}{Reproducibility}{subsection.4.4}% 14
\BOOKMARK [3][-]{subsubsection.4.4.4}{How Students Gain Computational Skills}{subsection.4.4}% 15
\BOOKMARK [1][-]{section.5}{Designing Data Science Workshops for Graduate Students in the Environmental Sciences}{}% 16
\BOOKMARK [2][-]{subsection.5.1}{Participant-Centered Learning}{section.5}% 17
\BOOKMARK [2][-]{subsection.5.2}{Data Context}{section.5}% 18
\BOOKMARK [2][-]{subsection.5.3}{Computing Tools for Environmental Science Research}{section.5}% 19
\BOOKMARK [3][-]{subsubsection.5.3.1}{Why R?}{subsection.5.3}% 20
\BOOKMARK [3][-]{subsubsection.5.3.2}{Why RStudio?}{subsection.5.3}% 21
\BOOKMARK [3][-]{subsubsection.5.3.3}{Why RStudio Cloud?}{subsection.5.3}% 22
\BOOKMARK [3][-]{subsubsection.5.3.4}{Why R Markdown Documents?}{subsection.5.3}% 23
\BOOKMARK [2][-]{subsection.5.4}{Workshop Content}{section.5}% 24
\BOOKMARK [3][-]{subsubsection.5.4.1}{Introduction to R}{subsection.5.4}% 25
\BOOKMARK [3][-]{subsubsection.5.4.2}{Intermediate R}{subsection.5.4}% 26
\BOOKMARK [3][-]{subsubsection.5.4.3}{Data Wrangling with dplyr and tidyr}{subsection.5.4}% 27
\BOOKMARK [3][-]{subsubsection.5.4.4}{Data Visualization with ggplot2}{subsection.5.4}% 28
\BOOKMARK [2][-]{subsection.5.5}{Sustainability of Workshops}{section.5}% 29
\BOOKMARK [1][-]{section.6}{Evaluating Data Science Workshops}{}% 30
\BOOKMARK [2][-]{subsection.6.1}{Data Collection}{section.6}% 31
\BOOKMARK [2][-]{subsection.6.2}{Backgrounds of Workshop Participants}{section.6}% 32
\BOOKMARK [2][-]{subsection.6.3}{Motivation for Attending}{section.6}% 33
\BOOKMARK [2][-]{subsection.6.4}{Reflections of Workshop Participants}{section.6}% 34
\BOOKMARK [1][-]{section.7}{Dissemination \046 Future Directions}{}% 35
\BOOKMARK [1][-]{section.8}{Conclusion}{}% 36
\BOOKMARK [1][-]{section.9}{Acknowledgements}{}% 37
